0 info it worked if it ends with ok
1 verbose cli [ 'C:\\Program Files\\nodejs\\\\node.exe',
1 verbose cli   'C:\\Program Files\\nodejs\\node_modules\\npm\\bin\\npm-cli.js',
1 verbose cli   'owner',
1 verbose cli   'ls',
1 verbose cli   'pomodoit' ]
2 info using npm@1.2.15
3 info using node@v0.10.2
4 verbose node symlink C:\Program Files\nodejs\\node.exe
5 verbose url raw pomodoit
6 verbose url resolving [ 'https://registry.npmjs.org/', './pomodoit' ]
7 verbose url resolved https://registry.npmjs.org/pomodoit
8 info trying registry request attempt 1 at 11:55:47
9 http GET https://registry.npmjs.org/pomodoit
10 http 404 https://registry.npmjs.org/pomodoit
11 silly registry.get cb [ 404,
11 silly registry.get   { server: 'CouchDB/1.2.1 (Erlang OTP/R15B03)',
11 silly registry.get     date: 'Thu, 04 Apr 2013 14:55:49 GMT',
11 silly registry.get     'content-type': 'application/json',
11 silly registry.get     'content-length': '52',
11 silly registry.get     'cache-control': 'must-revalidate' } ]
12 error owner ls Couldn't get owner data pomodoit
13 error 404 'pomodoit' is not in the npm registry.
13 error 404 You should bug the author to publish it
13 error 404
13 error 404 Note that you can also install from a
13 error 404 tarball, folder, or http url, or git url.
14 error System Windows_NT 6.2.9200
15 error command "C:\\Program Files\\nodejs\\\\node.exe" "C:\\Program Files\\nodejs\\node_modules\\npm\\bin\\npm-cli.js" "owner" "ls" "pomodoit"
16 error cwd D:\htdocs\pomodoit
17 error node -v v0.10.2
18 error npm -v 1.2.15
19 error code E404
20 verbose exit [ 1, true ]
